  Ball.cpp
  Brick.cpp
  Firstgraphicsproject.cpp
  Game.cpp
  LevelLoader.cpp
  Paddle.cpp
C:\Users\tulik\OneDrive\Documents\thinnox\Firstgraphicsproject\Firstgraphicsproject\Paddle.cpp(12,51): warning C4244: 'argument': conversion from 'float' to 'T', possible loss of data
          with
          [
              T=int
          ]
C:\Users\tulik\OneDrive\Documents\thinnox\Firstgraphicsproject\Firstgraphicsproject\Paddle.cpp(12,42): warning C4244: 'argument': conversion from 'float' to 'T', possible loss of data
          with
          [
              T=int
          ]
  Generating Code...
Paddle.obj : error LNK2001: unresolved external symbol "public: virtual __cdecl sf::Transformable::~Transformable(void)" (??1Transformable@sf@@UEAA@XZ)
Ball.obj : error LNK2001: unresolved external symbol "public: virtual __cdecl sf::Transformable::~Transformable(void)" (??1Transformable@sf@@UEAA@XZ)
Brick.obj : error LNK2001: unresolved external symbol "public: virtual __cdecl sf::Transformable::~Transformable(void)" (??1Transformable@sf@@UEAA@XZ)
Firstgraphicsproject.obj : error LNK2001: unresolved external symbol "public: virtual __cdecl sf::Transformable::~Transformable(void)" (??1Transformable@sf@@UEAA@XZ)
Game.obj : error LNK2001: unresolved external symbol "public: virtual __cdecl sf::Transformable::~Transformable(void)" (??1Transformable@sf@@UEAA@XZ)
Ball.obj : error LNK2019: unresolved external symbol "public: void __cdecl sf::Transformable::setPosition(class sf::Vector2<float> const &)" (?setPosition@Transformable@sf@@QEAAXAEBV?$Vector2@M@2@@Z) referenced in function "public: void __cdecl Ball::update(float)" (?update@Ball@@QEAAXM@Z)
Paddle.obj : error LNK2001: unresolved external symbol "public: void __cdecl sf::Transformable::setPosition(class sf::Vector2<float> const &)" (?setPosition@Transformable@sf@@QEAAXAEBV?$Vector2@M@2@@Z)
Ball.obj : error LNK2019: unresolved external symbol "public: void __cdecl sf::Transformable::setScale(float,float)" (?setScale@Transformable@sf@@QEAAXMM@Z) referenced in function "public: __cdecl Ball::Ball(class sf::Texture *)" (??0Ball@@QEAA@PEAVTexture@sf@@@Z)
Brick.obj : error LNK2001: unresolved external symbol "public: void __cdecl sf::Transformable::setScale(float,float)" (?setScale@Transformable@sf@@QEAAXMM@Z)
Ball.obj : error LNK2019: unresolved external symbol "public: void __cdecl sf::RenderTarget::draw(class sf::Drawable const &,class sf::RenderStates const &)" (?draw@RenderTarget@sf@@QEAAXAEBVDrawable@2@AEBVRenderStates@2@@Z) referenced in function "public: void __cdecl Ball::draw(class sf::RenderWindow *)" (?draw@Ball@@QEAAXPEAVRenderWindow@sf@@@Z)
Brick.obj : error LNK2001: unresolved external symbol "public: void __cdecl sf::RenderTarget::draw(class sf::Drawable const &,class sf::RenderStates const &)" (?draw@RenderTarget@sf@@QEAAXAEBVDrawable@2@AEBVRenderStates@2@@Z)
Paddle.obj : error LNK2001: unresolved external symbol "public: void __cdecl sf::RenderTarget::draw(class sf::Drawable const &,class sf::RenderStates const &)" (?draw@RenderTarget@sf@@QEAAXAEBVDrawable@2@AEBVRenderStates@2@@Z)
Ball.obj : error LNK2019: unresolved external symbol "public: __cdecl sf::Sprite::Sprite(void)" (??0Sprite@sf@@QEAA@XZ) referenced in function "public: __cdecl Ball::Ball(class sf::Texture *)" (??0Ball@@QEAA@PEAVTexture@sf@@@Z)
Brick.obj : error LNK2001: unresolved external symbol "public: __cdecl sf::Sprite::Sprite(void)" (??0Sprite@sf@@QEAA@XZ)
Paddle.obj : error LNK2001: unresolved external symbol "public: __cdecl sf::Sprite::Sprite(void)" (??0Sprite@sf@@QEAA@XZ)
Ball.obj : error LNK2019: unresolved external symbol "public: void __cdecl sf::Sprite::setTexture(class sf::Texture const &,bool)" (?setTexture@Sprite@sf@@QEAAXAEBVTexture@2@_N@Z) referenced in function "public: __cdecl Ball::Ball(class sf::Texture *)" (??0Ball@@QEAA@PEAVTexture@sf@@@Z)
Brick.obj : error LNK2001: unresolved external symbol "public: void __cdecl sf::Sprite::setTexture(class sf::Texture const &,bool)" (?setTexture@Sprite@sf@@QEAAXAEBVTexture@2@_N@Z)
Paddle.obj : error LNK2001: unresolved external symbol "public: void __cdecl sf::Sprite::setTexture(class sf::Texture const &,bool)" (?setTexture@Sprite@sf@@QEAAXAEBVTexture@2@_N@Z)
Ball.obj : error LNK2019: unresolved external symbol "public: void __cdecl sf::Sprite::setTextureRect(class sf::Rect<int> const &)" (?setTextureRect@Sprite@sf@@QEAAXAEBV?$Rect@H@2@@Z) referenced in function "public: __cdecl Ball::Ball(class sf::Texture *)" (??0Ball@@QEAA@PEAVTexture@sf@@@Z)
Brick.obj : error LNK2001: unresolved external symbol "public: void __cdecl sf::Sprite::setTextureRect(class sf::Rect<int> const &)" (?setTextureRect@Sprite@sf@@QEAAXAEBV?$Rect@H@2@@Z)
Paddle.obj : error LNK2001: unresolved external symbol "public: void __cdecl sf::Sprite::setTextureRect(class sf::Rect<int> const &)" (?setTextureRect@Sprite@sf@@QEAAXAEBV?$Rect@H@2@@Z)
Ball.obj : error LNK2001: unresolved external symbol "public: static class sf::RenderStates const sf::RenderStates::Default" (?Default@RenderStates@sf@@2V12@B)
Brick.obj : error LNK2001: unresolved external symbol "public: static class sf::RenderStates const sf::RenderStates::Default" (?Default@RenderStates@sf@@2V12@B)
Paddle.obj : error LNK2001: unresolved external symbol "public: static class sf::RenderStates const sf::RenderStates::Default" (?Default@RenderStates@sf@@2V12@B)
Firstgraphicsproject.obj : error LNK2019: unresolved external symbol "public: __cdecl sf::String::String(char const *,class std::locale const &)" (??0String@sf@@QEAA@PEBDAEBVlocale@std@@@Z) referenced in function main
Firstgraphicsproject.obj : error LNK2019: unresolved external symbol "public: __cdecl sf::VideoMode::VideoMode(unsigned int,unsigned int,unsigned int)" (??0VideoMode@sf@@QEAA@III@Z) referenced in function main
Firstgraphicsproject.obj : error LNK2019: unresolved external symbol "public: virtual __cdecl sf::Shape::~Shape(void)" (??1Shape@sf@@UEAA@XZ) referenced in function "public: virtual __cdecl sf::CircleShape::~CircleShape(void)" (??1CircleShape@sf@@UEAA@XZ)
Game.obj : error LNK2001: unresolved external symbol "public: virtual __cdecl sf::Shape::~Shape(void)" (??1Shape@sf@@UEAA@XZ)
Paddle.obj : error LNK2001: unresolved external symbol "public: virtual __cdecl sf::Shape::~Shape(void)" (??1Shape@sf@@UEAA@XZ)
Firstgraphicsproject.obj : error LNK2019: unresolved external symbol "public: void __cdecl sf::Shape::setFillColor(class sf::Color const &)" (?setFillColor@Shape@sf@@QEAAXAEBVColor@2@@Z) referenced in function main
Paddle.obj : error LNK2001: unresolved external symbol "public: void __cdecl sf::Shape::setFillColor(class sf::Color const &)" (?setFillColor@Shape@sf@@QEAAXAEBVColor@2@@Z)
Firstgraphicsproject.obj : error LNK2019: unresolved external symbol "public: __cdecl sf::CircleShape::CircleShape(float,unsigned __int64)" (??0CircleShape@sf@@QEAA@M_K@Z) referenced in function main
Firstgraphicsproject.obj : error LNK2019: unresolved external symbol "public: __cdecl sf::Texture::~Texture(void)" (??1Texture@sf@@QEAA@XZ) referenced in function "public: __cdecl Game::~Game(void)" (??1Game@@QEAA@XZ)
Game.obj : error LNK2001: unresolved external symbol "public: __cdecl sf::Texture::~Texture(void)" (??1Texture@sf@@QEAA@XZ)
Firstgraphicsproject.obj : error LNK2019: unresolved external symbol "public: __cdecl sf::RenderWindow::RenderWindow(class sf::VideoMode,class sf::String const &,unsigned int,struct sf::ContextSettings const &)" (??0RenderWindow@sf@@QEAA@VVideoMode@1@AEBVString@1@IAEBUContextSettings@1@@Z) referenced in function main
Firstgraphicsproject.obj : error LNK2019: unresolved external symbol "public: virtual __cdecl sf::RenderWindow::~RenderWindow(void)" (??1RenderWindow@sf@@UEAA@XZ) referenced in function main
Firstgraphicsproject.obj : error LNK2001: unresolved external symbol "public: static class sf::Color const sf::Color::Green" (?Green@Color@sf@@2V12@B)
Game.obj : error LNK2019: unresolved external symbol "public: float __cdecl sf::Time::asSeconds(void)const " (?asSeconds@Time@sf@@QEBAMXZ) referenced in function "public: void __cdecl Game::run(class sf::RenderWindow *)" (?run@Game@@QEAAXPEAVRenderWindow@sf@@@Z)
Game.obj : error LNK2019: unresolved external symbol "public: __cdecl sf::Clock::Clock(void)" (??0Clock@sf@@QEAA@XZ) referenced in function "public: __cdecl Game::Game(void)" (??0Game@@QEAA@XZ)
Game.obj : error LNK2019: unresolved external symbol "public: class sf::Time __cdecl sf::Clock::restart(void)" (?restart@Clock@sf@@QEAA?AVTime@2@XZ) referenced in function "public: void __cdecl Game::run(class sf::RenderWindow *)" (?run@Game@@QEAAXPEAVRenderWindow@sf@@@Z)
Game.obj : error LNK2019: unresolved external symbol "public: static bool __cdecl sf::Keyboard::isKeyPressed(enum sf::Keyboard::Key)" (?isKeyPressed@Keyboard@sf@@SA_NW4Key@12@@Z) referenced in function "public: void __cdecl Game::run(class sf::RenderWindow *)" (?run@Game@@QEAAXPEAVRenderWindow@sf@@@Z)
Game.obj : error LNK2019: unresolved external symbol "public: void __cdecl sf::Window::close(void)" (?close@Window@sf@@QEAAXXZ) referenced in function "public: void __cdecl Game::run(class sf::RenderWindow *)" (?run@Game@@QEAAXPEAVRenderWindow@sf@@@Z)
Game.obj : error LNK2019: unresolved external symbol "public: bool __cdecl sf::Window::isOpen(void)const " (?isOpen@Window@sf@@QEBA_NXZ) referenced in function "public: void __cdecl Game::run(class sf::RenderWindow *)" (?run@Game@@QEAAXPEAVRenderWindow@sf@@@Z)
Game.obj : error LNK2019: unresolved external symbol "public: bool __cdecl sf::Window::pollEvent(class sf::Event &)" (?pollEvent@Window@sf@@QEAA_NAEAVEvent@2@@Z) referenced in function "public: void __cdecl Game::run(class sf::RenderWindow *)" (?run@Game@@QEAAXPEAVRenderWindow@sf@@@Z)
Game.obj : error LNK2019: unresolved external symbol "public: void __cdecl sf::Window::display(void)" (?display@Window@sf@@QEAAXXZ) referenced in function "public: void __cdecl Game::run(class sf::RenderWindow *)" (?run@Game@@QEAAXPEAVRenderWindow@sf@@@Z)
Game.obj : error LNK2019: unresolved external symbol "public: __cdecl sf::Color::Color(unsigned char,unsigned char,unsigned char,unsigned char)" (??0Color@sf@@QEAA@EEEE@Z) referenced in function "public: void __cdecl Game::run(class sf::RenderWindow *)" (?run@Game@@QEAAXPEAVRenderWindow@sf@@@Z)
Game.obj : error LNK2019: unresolved external symbol "public: __cdecl sf::Texture::Texture(void)" (??0Texture@sf@@QEAA@XZ) referenced in function "public: __cdecl Game::Game(void)" (??0Game@@QEAA@XZ)
Game.obj : error LNK2019: unresolved external symbol "public: bool __cdecl sf::Texture::loadFromFile(class std::basic_string<char,struct std::char_traits<char>,class std::allocator<char> > const &,class sf::Rect<int> const &)" (?loadFromFile@Texture@sf@@QEAA_NAEBV?$basic_string@DU?$char_traits@D@std@@V?$allocator@D@2@@std@@AEBV?$Rect@H@2@@Z) referenced in function "public: __cdecl Game::Game(void)" (??0Game@@QEAA@XZ)
Game.obj : error LNK2019: unresolved external symbol "public: void __cdecl sf::RenderTarget::clear(class sf::Color const &)" (?clear@RenderTarget@sf@@QEAAXAEBVColor@2@@Z) referenced in function "public: void __cdecl Game::run(class sf::RenderWindow *)" (?run@Game@@QEAAXPEAVRenderWindow@sf@@@Z)
Paddle.obj : error LNK2019: unresolved external symbol "public: void __cdecl sf::Transformable::setPosition(float,float)" (?setPosition@Transformable@sf@@QEAAXMM@Z) referenced in function "public: void __cdecl Paddle::update(float)" (?update@Paddle@@QEAAXM@Z)
Paddle.obj : error LNK2019: unresolved external symbol "public: __cdecl sf::RectangleShape::RectangleShape(class sf::Vector2<float> const &)" (??0RectangleShape@sf@@QEAA@AEBV?$Vector2@M@1@@Z) referenced in function "public: __cdecl Paddle::Paddle(class sf::Texture *)" (??0Paddle@@QEAA@PEAVTexture@sf@@@Z)
Paddle.obj : error LNK2019: unresolved external symbol "public: void __cdecl sf::RectangleShape::setSize(class sf::Vector2<float> const &)" (?setSize@RectangleShape@sf@@QEAAXAEBV?$Vector2@M@2@@Z) referenced in function "public: __cdecl Paddle::Paddle(class sf::Texture *)" (??0Paddle@@QEAA@PEAVTexture@sf@@@Z)
Paddle.obj : error LNK2001: unresolved external symbol "public: static class sf::Color const sf::Color::Red" (?Red@Color@sf@@2V12@B)
C:\Users\tulik\OneDrive\Documents\thinnox\SFML-2.5.1-windows-vc15-32-bit\SFML-2.5.1\lib\sfml-system-s-d.lib : warning LNK4272: library machine type 'x86' conflicts with target machine type 'x64'
C:\Users\tulik\OneDrive\Documents\thinnox\SFML-2.5.1-windows-vc15-32-bit\SFML-2.5.1\lib\sfml-window-s-d.lib : warning LNK4272: library machine type 'x86' conflicts with target machine type 'x64'
C:\Users\tulik\OneDrive\Documents\thinnox\SFML-2.5.1-windows-vc15-32-bit\SFML-2.5.1\lib\freetype.lib : warning LNK4272: library machine type 'x86' conflicts with target machine type 'x64'
C:\Users\tulik\OneDrive\Documents\thinnox\SFML-2.5.1-windows-vc15-32-bit\SFML-2.5.1\lib\sfml-graphics-s-d.lib : warning LNK4272: library machine type 'x86' conflicts with target machine type 'x64'
C:\Users\tulik\OneDrive\Documents\thinnox\SFML-2.5.1-windows-vc15-32-bit\SFML-2.5.1\lib\openal32.lib : warning LNK4272: library machine type 'x86' conflicts with target machine type 'x64'
C:\Users\tulik\OneDrive\Documents\thinnox\SFML-2.5.1-windows-vc15-32-bit\SFML-2.5.1\lib\flac.lib : warning LNK4272: library machine type 'x86' conflicts with target machine type 'x64'
C:\Users\tulik\OneDrive\Documents\thinnox\SFML-2.5.1-windows-vc15-32-bit\SFML-2.5.1\lib\vorbisenc.lib : warning LNK4272: library machine type 'x86' conflicts with target machine type 'x64'
C:\Users\tulik\OneDrive\Documents\thinnox\SFML-2.5.1-windows-vc15-32-bit\SFML-2.5.1\lib\vorbisfile.lib : warning LNK4272: library machine type 'x86' conflicts with target machine type 'x64'
C:\Users\tulik\OneDrive\Documents\thinnox\SFML-2.5.1-windows-vc15-32-bit\SFML-2.5.1\lib\vorbis.lib : warning LNK4272: library machine type 'x86' conflicts with target machine type 'x64'
C:\Users\tulik\OneDrive\Documents\thinnox\SFML-2.5.1-windows-vc15-32-bit\SFML-2.5.1\lib\ogg.lib : warning LNK4272: library machine type 'x86' conflicts with target machine type 'x64'
C:\Users\tulik\OneDrive\Documents\thinnox\SFML-2.5.1-windows-vc15-32-bit\SFML-2.5.1\lib\sfml-audio-s-d.lib : warning LNK4272: library machine type 'x86' conflicts with target machine type 'x64'
C:\Users\tulik\OneDrive\Documents\thinnox\Firstgraphicsproject\x64\Debug\Firstgraphicsproject.exe : fatal error LNK1120: 33 unresolved externals
